#
# A fatal error has been detected by the Java Runtime Environment:
#
#  SIGSEGV (0xb) at pc=0x000000010ee0bcdd, pid=3236, tid=0x000000000000dd07
#
# JRE version: Java(TM) SE Runtime Environment (8.0_102-b14) (build 1.8.0_102-b14)
# Java VM: Java HotSpot(TM) 64-Bit Server VM (25.102-b14 mixed mode bsd-amd64 compressed oops)
# Problematic frame:
# C  [libawt_lwawt.dylib+0x1acdd]  OGLSD_SetScratchSurface+0x49
#
# Failed to write core dump. Core dumps have been disabled. To enable core dumping, try "ulimit -c unlimited" before starting Java again
#
# If you would like to submit a bug report, please visit:
#   http://bugreport.java.com/bugreport/crash.jsp
# The crash happened outside the Java Virtual Machine in native code.
# See problematic frame for where to report the bug.
#

---------------  T H R E A D  ---------------

Current thread (0x00007fdc28159000):  JavaThread "Java2D Queue Flusher" daemon [_thread_in_native, id=56583, stack(0x0000700002d8f000,0x0000700002e8f000)]

siginfo: si_signo: 11 (SIGSEGV), si_code: 1 (SEGV_MAPERR), si_addr: 0x0000000000000002

Registers:
RAX=0x00000000ffffffff, RBX=0x0000000000000002, RCX=0x0000000000000047, RDX=0x000000010ee2c844
RSP=0x0000700002e8e720, RBP=0x0000700002e8e740, RSI=0x00007fdc275aa220, RDI=0x00007fdc281591f8
R8 =0x0000000000000245, R9 =0xffffffff00000000, R10=0x0000000113ca9538, R11=0x0000000113c4b800
R12=0x0000000000000000, R13=0x0000700002e8e8e8, R14=0x00007fdc281591f8, R15=0x00007fdc28159000
RIP=0x000000010ee0bcdd, EFLAGS=0x0000000000010202, ERR=0x0000000000000004
  TRAPNO=0x000000000000000e

Top of Stack: (sp=0x0000700002e8e720)
0x0000700002e8e720:   00007fdc275aa220 0000000000000000
0x0000700002e8e730:   00007fdc28107210 00007fdc28159000
0x0000700002e8e740:   0000700002e8e7c0 000000010ee2c322
0x0000700002e8e750:   00007fdc28159000 000000000000c17b
0x0000700002e8e760:   00007fdc27490c00 0000000200000001
0x0000700002e8e770:   0000700002e8e880 00000001080e7000
0x0000700002e8e780:   0000000000000000 00007fdc28107220
0x0000700002e8e790:   0000700000e8e968 00007fdc281591f8
0x0000700002e8e7a0:   000000060012c978 0000000000000000
0x0000700002e8e7b0:   0000700002e8e968 00007fdc28159000
0x0000700002e8e7c0:   0000700002e8e810 0000000113ca95aa
0x0000700002e8e7d0:   000000060012c978 00007fdc274902b8
0x0000700002e8e7e0:   0000700002e8e810 0000000108336ed4
0x0000700002e8e7f0:   0000000000000064 0000000000000000
0x0000700002e8e800:   0000000000000064 00007fdc274902b8
0x0000700002e8e810:   0000700002e8e940 0000000112e57cc4
0x0000700002e8e820:   00007fdc00000005 00007fdc28159000
0x0000700002e8e830:   0000000000000001 00007fdc274913f0
0x0000700002e8e840:   000000060000b400 00007fdc28159000
0x0000700002e8e850:   00007fdc28159000 000000010b7cfa00
0x0000700002e8e860:   0000700002e8e968 00007fdc28159000
0x0000700002e8e870:   000000060012c978 0000000100000020
0x0000700002e8e880:   000000060000b450 00000001133475e6
0x0000700002e8e890:   0000700002e8e940 0000000113c4b86c
0x0000700002e8e8a0:   0000000178627dcc 0000700002e8e8e8
0x0000700002e8e8b0:   0000000178627e60 0000000000000000
0x0000700002e8e8c0:   000000060012c978 00000001128a433d
0x0000700002e8e8d0:   0000700002e8e940 00000001128a433d
0x0000700002e8e8e0:   00000001128a433d 000000060012c978
0x0000700002e8e8f0:   0000000000000001 000000060000b450
0x0000700002e8e900:   0000700002e8e8f0 000000010bcacfe9
0x0000700002e8e910:   0000700002e8e968 000000010bcad8a0 

Instructions: (pc=0x000000010ee0bcdd)
0x000000010ee0bcbd:   c0 e9 82 00 00 00 48 8b 5e 10 48 85 db 75 0e bf
0x000000010ee0bccd:   01 00 00 00 48 8d 15 ef 76 03 00 eb d6 49 89 fe
0x000000010ee0bcdd:   4c 8b 3b 30 c0 e8 83 a3 02 00 49 8b 3f 49 89 c4
0x000000010ee0bced:   48 8b 35 34 f9 05 00 30 c0 e8 cb a4 02 00 48 85 

Register to memory mapping:

RAX=0x00000000ffffffff is an unknown value
RBX=0x0000000000000002 is an unknown value
RCX=0x0000000000000047 is an unknown value
RDX=0x000000010ee2c844: Java_sun_java2d_opengl_OGLRenderQueue_flushBuffer+0xb5c in /Library/Java/JavaVirtualMachines/jdk1.8.0_102.jdk/Contents/Home/jre/lib/libawt_lwawt.dylib at 0x000000010edf1000
RSP=0x0000700002e8e720 is pointing into the stack for thread: 0x00007fdc28159000
RBP=0x0000700002e8e740 is pointing into the stack for thread: 0x00007fdc28159000
RSI=0x00007fdc275aa220 is an unknown value
RDI=0x00007fdc281591f8 is an unknown value
R8 =0x0000000000000245 is an unknown value
R9 =0xffffffff00000000 is an unknown value
R10=0x0000000113ca9538 is at entry_point+56 in (nmethod*)0x0000000113ca9390
R11=0x0000000113c4b800 is at entry_point+0 in (nmethod*)0x0000000113c4b690
R12=0x0000000000000000 is an unknown value
R13=0x0000700002e8e8e8 is pointing into the stack for thread: 0x00007fdc28159000
R14=0x00007fdc281591f8 is an unknown value
R15=0x00007fdc28159000 is a thread


Stack: [0x0000700002d8f000,0x0000700002e8f000],  sp=0x0000700002e8e720,  free space=1021k
Native frames: (J=compiled Java code, j=interpreted, Vv=VM code, C=native code)
C  [libawt_lwawt.dylib+0x1acdd]  OGLSD_SetScratchSurface+0x49
C  [libawt_lwawt.dylib+0x3b322]  Java_sun_java2d_opengl_OGLRenderQueue_flushBuffer+0x63a
J 6467  sun.java2d.opengl.OGLRenderQueue.flushBuffer(JI)V (0 bytes) @ 0x0000000113ca95aa [0x0000000113ca9500+0xaa]
J 14409 C1 sun.java2d.opengl.OGLRenderQueue.flushBuffer()V (41 bytes) @ 0x0000000112e57cc4 [0x0000000112e57a60+0x264]
J 6357 C1 sun.java2d.opengl.OGLRenderQueue.access$100(Lsun/java2d/opengl/OGLRenderQueue;)V (5 bytes) @ 0x0000000113c4b86c [0x0000000113c4b800+0x6c]
j  sun.java2d.opengl.OGLRenderQueue$QueueFlusher.run()V+81
v  ~StubRoutines::call_stub
V  [libjvm.dylib+0x2ed5e2]  JavaCalls::call_helper(JavaValue*, methodHandle*, JavaCallArguments*, Thread*)+0x6ae
V  [libjvm.dylib+0x2edd70]  JavaCalls::call_virtual(JavaValue*, KlassHandle, Symbol*, Symbol*, JavaCallArguments*, Thread*)+0x164
V  [libjvm.dylib+0x2edf1c]  JavaCalls::call_virtual(JavaValue*, Handle, KlassHandle, Symbol*, Symbol*, Thread*)+0x4a
V  [libjvm.dylib+0x348691]  thread_entry(JavaThread*, Thread*)+0x7c
V  [libjvm.dylib+0x56a4db]  JavaThread::thread_main_inner()+0x9b
V  [libjvm.dylib+0x56bbc8]  JavaThread::run()+0x1c2
V  [libjvm.dylib+0x489ed2]  java_start(Thread*)+0xf6
C  [libsystem_pthread.dylib+0x36c1]  _pthread_body+0x154
C  [libsystem_pthread.dylib+0x356d]  _pthread_body+0x0
C  [libsystem_pthread.dylib+0x2c5d]  thread_start+0xd
C  0x0000000000000000

Java frames: (J=compiled Java code, j=interpreted, Vv=VM code)
J 6467  sun.java2d.opengl.OGLRenderQueue.flushBuffer(JI)V (0 bytes) @ 0x0000000113ca9538 [0x0000000113ca9500+0x38]
J 14409 C1 sun.java2d.opengl.OGLRenderQueue.flushBuffer()V (41 bytes) @ 0x0000000112e57cc4 [0x0000000112e57a60+0x264]
J 6357 C1 sun.java2d.opengl.OGLRenderQueue.access$100(Lsun/java2d/opengl/OGLRenderQueue;)V (5 bytes) @ 0x0000000113c4b86c [0x0000000113c4b800+0x6c]
j  sun.java2d.opengl.OGLRenderQueue$QueueFlusher.run()V+81
v  ~StubRoutines::call_stub

---------------  P R O C E S S  ---------------

Java Threads: ( => current thread )
  0x00007fdc2ebd3000 JavaThread "Job Status Poller" daemon [_thread_blocked, id=111995, stack(0x0000700004766000,0x0000700004866000)]
  0x00007fdc27f66000 JavaThread "Bird's Eye View Timer" [_thread_blocked, id=97923, stack(0x0000700004663000,0x0000700004763000)]
  0x00007fdc2d081800 JavaThread "ResourcePublisher" [_thread_blocked, id=96515, stack(0x0000700007cae000,0x0000700007dae000)]
  0x00007fdc2d2e1800 JavaThread "ServletEventDispatcher: 3" daemon [_thread_blocked, id=96003, stack(0x0000700007bab000,0x0000700007cab000)]
  0x00007fdc3209c800 JavaThread "HashSessionScavenger-0" daemon [_thread_blocked, id=95491, stack(0x0000700007aa8000,0x0000700007ba8000)]
  0x00007fdc2da12800 JavaThread "ServletEventDispatcher: 2" daemon [_thread_blocked, id=94979, stack(0x00007000079a5000,0x0000700007aa5000)]
  0x00007fdc2fd72000 JavaThread "ServletEventDispatcher: 1" daemon [_thread_blocked, id=94495, stack(0x0000700006278000,0x0000700006378000)]
  0x00007fdc2fbbf000 JavaThread "SCR Component Actor" daemon [_thread_blocked, id=91139, stack(0x0000700006d19000,0x0000700006e19000)]
  0x00007fdc30386800 JavaThread "qtp300980406-86" [_thread_blocked, id=90627, stack(0x0000700006c16000,0x0000700006d16000)]
  0x00007fdc2fbbb800 JavaThread "qtp300980406-85" [_thread_blocked, id=90115, stack(0x0000700006b13000,0x0000700006c13000)]
  0x00007fdc2f828800 JavaThread "qtp300980406-84" [_thread_blocked, id=89603, stack(0x0000700006a10000,0x0000700006b10000)]
  0x00007fdc2e8f8800 JavaThread "qtp300980406-83" [_thread_blocked, id=89091, stack(0x000070000690d000,0x0000700006a0d000)]
  0x00007fdc2f828000 JavaThread "qtp300980406-82" [_thread_blocked, id=88579, stack(0x000070000680a000,0x000070000690a000)]
  0x00007fdc2e8f8000 JavaThread "qtp300980406-81 Acceptor0 NIOSocketConnectorWrapper@0.0.0.0:1234" [_thread_in_native, id=88067, stack(0x0000700006707000,0x0000700006807000)]
  0x00007fdc2f909800 JavaThread "qtp300980406-80 Selector0" [_thread_in_native, id=87555, stack(0x0000700006604000,0x0000700006704000)]
  0x00007fdc2ecb0800 JavaThread "qtp300980406-79" [_thread_blocked, id=87043, stack(0x0000700006501000,0x0000700006601000)]
  0x00007fdc2ec00000 JavaThread "Thread-14" [_thread_blocked, id=83715, stack(0x0000700006072000,0x0000700006172000)]
  0x00007fdc2d763000 JavaThread "pool-8-thread-1" [_thread_in_native, id=82691, stack(0x0000700005e6c000,0x0000700005f6c000)]
  0x00007fdc306ad800 JavaThread "Thread-13" daemon [_thread_blocked, id=82219, stack(0x0000700005d69000,0x0000700005e69000)]
  0x00007fdc2e886000 JavaThread "Task-Thread-2-Factory-0x4c1e8495" daemon [_thread_blocked, id=76551, stack(0x0000700004d54000,0x0000700005754000)]
  0x00007fdc27d84800 JavaThread "TimerQueue" daemon [_thread_blocked, id=39183, stack(0x000070000424e000,0x000070000434e000)]
  0x00007fdc2e8b0800 JavaThread "pool-3-thread-1" [_thread_blocked, id=4871, stack(0x000070000414b000,0x000070000424b000)]
  0x00007fdc28ff5800 JavaThread "Blueprint Event Dispatcher: 1" daemon [_thread_blocked, id=3847, stack(0x0000700004048000,0x0000700004148000)]
  0x00007fdc27d48000 JavaThread "Timer-0" daemon [_thread_blocked, id=75783, stack(0x0000700003f45000,0x0000700004045000)]
  0x00007fdc28632000 JavaThread "gogo shell pipe thread" daemon [_thread_blocked, id=75267, stack(0x0000700003e42000,0x0000700003f42000)]
  0x00007fdc2854d000 JavaThread "NonBlockingInputStreamThread" daemon [_thread_blocked, id=74755, stack(0x0000700003d3f000,0x0000700003e3f000)]
  0x00007fdc2d9f9800 JavaThread "Karaf Console Local for user karaf" daemon [_thread_blocked, id=27147, stack(0x0000700003c3c000,0x0000700003d3c000)]
  0x00007fdc288c0000 JavaThread "Blueprint Extender: 3" daemon [_thread_blocked, id=73987, stack(0x0000700003b39000,0x0000700003c39000)]
  0x00007fdc27a0f000 JavaThread "Blueprint Extender: 2" daemon [_thread_blocked, id=73475, stack(0x0000700003a36000,0x0000700003b36000)]
  0x00007fdc2d0ed800 JavaThread "Blueprint Extender: 1" daemon [_thread_blocked, id=72963, stack(0x0000700003933000,0x0000700003a33000)]
  0x00007fdc27ab8800 JavaThread "Secure OSGi Service Proxy Creator" daemon [_thread_blocked, id=72459, stack(0x0000700003830000,0x0000700003930000)]
  0x00007fdc28730800 JavaThread "fileinstall-/Users/adamtreister/Documents/workspace/sept26/cytoscape/cytoscape/gui-distribution/assembly/target/cytoscape/framework/etc" daemon [_thread_blocked, id=71939, stack(0x000070000372d000,0x000070000382d000)]
  0x00007fdc29768000 JavaThread "Thread-3" daemon [_thread_blocked, id=71427, stack(0x000070000362a000,0x000070000372a000)]
  0x00007fdc279d2800 JavaThread "CM Event Dispatcher" daemon [_thread_blocked, id=70915, stack(0x0000700003527000,0x0000700003627000)]
  0x00007fdc286f0800 JavaThread "CM Configuration Updater" daemon [_thread_blocked, id=70403, stack(0x0000700003424000,0x0000700003524000)]
  0x00007fdc28677800 JavaThread "Thread-2" daemon [_thread_in_native, id=69891, stack(0x0000700003321000,0x0000700003421000)]
  0x00007fdc28ab0800 JavaThread "Thread-1" [_thread_blocked, id=69455, stack(0x000070000321e000,0x000070000331e000)]
  0x00007fdc279bb800 JavaThread "FelixStartLevel" daemon [_thread_blocked, id=68891, stack(0x000070000311b000,0x000070000321b000)]
  0x00007fdc284cf800 JavaThread "FelixDispatchQueue" [_thread_blocked, id=67711, stack(0x0000700003018000,0x0000700003118000)]
  0x00007fdc29447800 JavaThread "AWT-EventQueue-0" [_thread_blocked, id=65143, stack(0x0000700002f15000,0x0000700003015000)]
  0x00007fdc2812c000 JavaThread "AWT-Shutdown" [_thread_blocked, id=31751, stack(0x0000700002a00000,0x0000700002b00000)]
=>0x00007fdc28159000 JavaThread "Java2D Queue Flusher" daemon [_thread_in_native, id=56583, stack(0x0000700002d8f000,0x0000700002e8f000)]
  0x00007fdc29268800 JavaThread "Java2D Disposer" daemon [_thread_blocked, id=49531, stack(0x0000700002c8c000,0x0000700002d8c000)]
  0x00007fdc290bc000 JavaThread "AppKit Thread" daemon [_thread_in_native, id=775, stack(0x00007ffee7ec1000,0x00007ffee86c1000)]
  0x00007fdc2805e800 JavaThread "Service Thread" daemon [_thread_blocked, id=19971, stack(0x00007000027fa000,0x00007000028fa000)]
  0x00007fdc2880b800 JavaThread "C1 CompilerThread2" daemon [_thread_blocked, id=19459, stack(0x00007000026f7000,0x00007000027f7000)]
  0x00007fdc2880b000 JavaThread "C2 CompilerThread1" daemon [_thread_blocked, id=18947, stack(0x00007000025f4000,0x00007000026f4000)]
  0x00007fdc29002800 JavaThread "C2 CompilerThread0" daemon [_thread_blocked, id=18435, stack(0x00007000024f1000,0x00007000025f1000)]
  0x00007fdc28809000 JavaThread "JDWP Command Reader" daemon [_thread_in_native, id=17923, stack(0x00007000023ee000,0x00007000024ee000)]
  0x00007fdc2780f000 JavaThread "JDWP Event Helper Thread" daemon [_thread_blocked, id=17411, stack(0x00007000022eb000,0x00007000023eb000)]
  0x00007fdc2780e800 JavaThread "JDWP Transport Listener: dt_socket" daemon [_thread_blocked, id=16903, stack(0x00007000021e8000,0x00007000022e8000)]
  0x00007fdc28051000 JavaThread "Signal Dispatcher" daemon [_thread_blocked, id=16395, stack(0x00007000020e5000,0x00007000021e5000)]
  0x00007fdc2801a800 JavaThread "Finalizer" daemon [_thread_blocked, id=13059, stack(0x0000700001fe2000,0x00007000020e2000)]
  0x00007fdc2803f000 JavaThread "Reference Handler" daemon [_thread_blocked, id=12547, stack(0x0000700001edf000,0x0000700001fdf000)]
  0x00007fdc28006000 JavaThread "main" [_thread_blocked, id=6915, stack(0x00007000018cd000,0x00007000019cd000)]

Other Threads:
  0x00007fdc2803e800 VMThread [stack: 0x0000700001ddc000,0x0000700001edc000] [id=12035]
  0x00007fdc27810000 WatcherThread [stack: 0x00007000028fd000,0x00007000029fd000] [id=20483]

VM state:not at safepoint (normal execution)

VM Mutex/Monitor currently owned by a thread: None

Heap:
 PSYoungGen      total 945664K, used 17149K [0x000000072ab00000, 0x0000000769800000, 0x00000007c0000000)
  eden space 884736K, 1% used [0x000000072ab00000,0x000000072bbbf798,0x0000000760b00000)
  from space 60928K, 0% used [0x0000000761c80000,0x0000000761c80000,0x0000000765800000)
  to   space 65536K, 0% used [0x0000000765800000,0x0000000765800000,0x0000000769800000)
 ParOldGen       total 3313664K, used 84135K [0x0000000600000000, 0x00000006ca400000, 0x000000072ab00000)
  object space 3313664K, 2% used [0x0000000600000000,0x0000000605229f88,0x00000006ca400000)
 Metaspace       used 89115K, capacity 98224K, committed 98496K, reserved 1134592K
  class space    used 12034K, capacity 14167K, committed 14208K, reserved 1048576K

Card table byte_map: [0x00000001091ec000,0x0000000109fed000] byte_map_base: 0x00000001061ec000

Marking Bits: (ParMarkBitMap*) 0x00000001086efd20
 Begin Bits: [0x000000012189c000, 0x000000012889c000)
 End Bits:   [0x000000012889c000, 0x000000012f89c000)

Polling page: 0x00000001075bb000

CodeCache: size=245760Kb used=40646Kb max_used=40646Kb free=205113Kb
 bounds [0x000000011289c000, 0x00000001150ec000, 0x000000012189c000]
 total_blobs=12710 nmethods=11825 adapters=801
 compilation: enabled

Compilation events (10 events):
Event: 5111.269 Thread 0x00007fdc2880b800 14608       3       java.io.FileInputStream::finalize (22 bytes)
Event: 5111.270 Thread 0x00007fdc2880b800 nmethod 14608 0x0000000113f522d0 code [0x0000000113f52440, 0x0000000113f526e8]
Event: 5111.271 Thread 0x00007fdc2880b800 14609       1       org.cytoscape.internal.view.CytoscapeMenus::getJMenuBar (5 bytes)
Event: 5111.271 Thread 0x00007fdc2880b800 nmethod 14609 0x00000001136c5010 code [0x00000001136c5160, 0x00000001136c5270]
Event: 5111.272 Thread 0x00007fdc2880b800 14610  s    3       apple.laf.JRSUIControl::finalize (23 bytes)
Event: 5111.272 Thread 0x00007fdc2880b800 nmethod 14610 0x0000000114437790 code [0x0000000114437900, 0x0000000114437ca8]
Event: 5111.272 Thread 0x00007fdc2880b800 14612   !   3       sun.java2d.Disposer::clearDeferredRecords (70 bytes)
Event: 5111.273 Thread 0x00007fdc2880b800 nmethod 14612 0x0000000113187bd0 code [0x0000000113187de0, 0x0000000113188968]
Event: 5111.275 Thread 0x00007fdc2880b800 14613       3       sun.java2d.DefaultDisposerRecord::dispose (12 bytes)
Event: 5111.275 Thread 0x00007fdc2880b800 nmethod 14613 0x0000000114539a50 code [0x0000000114539bc0, 0x0000000114539d68]

GC Heap History (10 events):
Event: 24.369 GC heap before
{Heap before GC invocations=7 (full 3):
 PSYoungGen      total 611840K, used 524796K [0x000000072ab00000, 0x000000075d200000, 0x00000007c0000000)
  eden space 524800K, 99% used [0x000000072ab00000,0x000000074ab7f0f0,0x000000074ab80000)
  from space 87040K, 0% used [0x000000074ab80000,0x000000074ab80000,0x0000000750080000)
  to   space 87040K, 0% used [0x0000000757d00000,0x0000000757d00000,0x000000075d200000)
 ParOldGen       total 2407424K, used 47636K [0x0000000600000000, 0x0000000692f00000, 0x000000072ab00000)
  object space 2407424K, 1% used [0x0000000600000000,0x0000000602e85060,0x0000000692f00000)
 Metaspace       used 74214K, capacity 82164K, committed 82304K, reserved 1120256K
  class space    used 10225K, capacity 12139K, committed 12160K, reserved 1048576K
Event: 24.420 GC heap after
Heap after GC invocations=7 (full 3):
 PSYoungGen      total 720896K, used 38088K [0x000000072ab00000, 0x000000075c900000, 0x00000007c0000000)
  eden space 643072K, 0% used [0x000000072ab00000,0x000000072ab00000,0x0000000751f00000)
  from space 77824K, 48% used [0x0000000757d00000,0x000000075a232080,0x000000075c900000)
  to   space 87040K, 0% used [0x0000000751f00000,0x0000000751f00000,0x0000000757400000)
 ParOldGen       total 2407424K, used 47644K [0x0000000600000000, 0x0000000692f00000, 0x000000072ab00000)
  object space 2407424K, 1% used [0x0000000600000000,0x0000000602e87060,0x0000000692f00000)
 Metaspace       used 74214K, capacity 82164K, committed 82304K, reserved 1120256K
  class space    used 10225K, capacity 12139K, committed 12160K, reserved 1048576K
}
Event: 25.061 GC heap before
{Heap before GC invocations=8 (full 3):
 PSYoungGen      total 720896K, used 681160K [0x000000072ab00000, 0x000000075c900000, 0x00000007c0000000)
  eden space 643072K, 100% used [0x000000072ab00000,0x0000000751f00000,0x0000000751f00000)
  from space 77824K, 48% used [0x0000000757d00000,0x000000075a232080,0x000000075c900000)
  to   space 87040K, 0% used [0x0000000751f00000,0x0000000751f00000,0x0000000757400000)
 ParOldGen       total 2407424K, used 47644K [0x0000000600000000, 0x0000000692f00000, 0x000000072ab00000)
  object space 2407424K, 1% used [0x0000000600000000,0x0000000602e87060,0x0000000692f00000)
 Metaspace       used 74506K, capacity 82490K, committed 82688K, reserved 1120256K
  class space    used 10259K, capacity 12162K, committed 12288K, reserved 1048576K
Event: 25.092 GC heap after
Heap after GC invocations=8 (full 3):
 PSYoungGen      total 730112K, used 19628K [0x000000072ab00000, 0x0000000769380000, 0x00000007c0000000)
  eden space 643072K, 0% used [0x000000072ab00000,0x000000072ab00000,0x0000000751f00000)
  from space 87040K, 22% used [0x0000000751f00000,0x000000075322b208,0x0000000757400000)
  to   space 41984K, 0% used [0x0000000766a80000,0x0000000766a80000,0x0000000769380000)
 ParOldGen       total 2407424K, used 47652K [0x0000000600000000, 0x0000000692f00000, 0x000000072ab00000)
  object space 2407424K, 1% used [0x0000000600000000,0x0000000602e89060,0x0000000692f00000)
 Metaspace       used 74506K, capacity 82490K, committed 82688K, reserved 1120256K
  class space    used 10259K, capacity 12162K, committed 12288K, reserved 1048576K
}
Event: 163.340 GC heap before
{Heap before GC invocations=9 (full 3):
 PSYoungGen      total 730112K, used 662700K [0x000000072ab00000, 0x0000000769380000, 0x00000007c0000000)
  eden space 643072K, 100% used [0x000000072ab00000,0x0000000751f00000,0x0000000751f00000)
  from space 87040K, 22% used [0x0000000751f00000,0x000000075322b208,0x0000000757400000)
  to   space 41984K, 0% used [0x0000000766a80000,0x0000000766a80000,0x0000000769380000)
 ParOldGen       total 2407424K, used 47652K [0x0000000600000000, 0x0000000692f00000, 0x000000072ab00000)
  object space 2407424K, 1% used [0x0000000600000000,0x0000000602e89060,0x0000000692f00000)
 Metaspace       used 88256K, capacity 97478K, committed 97792K, reserved 1132544K
  class space    used 11939K, capacity 14014K, committed 14080K, reserved 1048576K
Event: 163.405 GC heap after
Heap after GC invocations=9 (full 3):
 PSYoungGen      total 939008K, used 41966K [0x000000072ab00000, 0x0000000769380000, 0x00000007c0000000)
  eden space 897024K, 0% used [0x000000072ab00000,0x000000072ab00000,0x0000000761700000)
  from space 41984K, 99% used [0x0000000766a80000,0x000000076937b8d0,0x0000000769380000)
  to   space 60928K, 0% used [0x0000000761c80000,0x0000000761c80000,0x0000000765800000)
 ParOldGen       total 2407424K, used 68188K [0x0000000600000000, 0x0000000692f00000, 0x000000072ab00000)
  object space 2407424K, 2% used [0x0000000600000000,0x00000006042971e8,0x0000000692f00000)
 Metaspace       used 88256K, capacity 97478K, committed 97792K, reserved 1132544K
  class space    used 11939K, capacity 14014K, committed 14080K, reserved 1048576K
}
Event: 5109.013 GC heap before
{Heap before GC invocations=10 (full 3):
 PSYoungGen      total 939008K, used 334010K [0x000000072ab00000, 0x0000000769380000, 0x00000007c0000000)
  eden space 897024K, 32% used [0x000000072ab00000,0x000000073c833298,0x0000000761700000)
  from space 41984K, 99% used [0x0000000766a80000,0x000000076937b8d0,0x0000000769380000)
  to   space 60928K, 0% used [0x0000000761c80000,0x0000000761c80000,0x0000000765800000)
 ParOldGen       total 2407424K, used 68188K [0x0000000600000000, 0x0000000692f00000, 0x000000072ab00000)
  object space 2407424K, 2% used [0x0000000600000000,0x00000006042971e8,0x0000000692f00000)
 Metaspace       used 89239K, capacity 98400K, committed 98496K, reserved 1134592K
  class space    used 12043K, capacity 14183K, committed 14208K, reserved 1048576K
Event: 5109.562 GC heap after
Heap after GC invocations=10 (full 3):
 PSYoungGen      total 945664K, used 60527K [0x000000072ab00000, 0x0000000769800000, 0x00000007c0000000)
  eden space 884736K, 0% used [0x000000072ab00000,0x000000072ab00000,0x0000000760b00000)
  from space 60928K, 99% used [0x0000000761c80000,0x000000076579bfe8,0x0000000765800000)
  to   space 65536K, 0% used [0x0000000765800000,0x0000000765800000,0x0000000769800000)
 ParOldGen       total 2407424K, used 68196K [0x0000000600000000, 0x0000000692f00000, 0x000000072ab00000)
  object space 2407424K, 2% used [0x0000000600000000,0x00000006042991e8,0x0000000692f00000)
 Metaspace       used 89239K, capacity 98400K, committed 98496K, reserved 1134592K
  class space    used 12043K, capacity 14183K, committed 14208K, reserved 1048576K
}
Event: 5109.562 GC heap before
{Heap before GC invocations=11 (full 4):
 PSYoungGen      total 945664K, used 60527K [0x000000072ab00000, 0x0000000769800000, 0x00000007c0000000)
  eden space 884736K, 0% used [0x000000072ab00000,0x000000072ab00000,0x0000000760b00000)
  from space 60928K, 99% used [0x0000000761c80000,0x000000076579bfe8,0x0000000765800000)
  to   space 65536K, 0% used [0x0000000765800000,0x0000000765800000,0x0000000769800000)
 ParOldGen       total 2407424K, used 68196K [0x0000000600000000, 0x0000000692f00000, 0x000000072ab00000)
  object space 2407424K, 2% used [0x0000000600000000,0x00000006042991e8,0x0000000692f00000)
 Metaspace       used 89239K, capacity 98400K, committed 98496K, reserved 1134592K
  class space    used 12043K, capacity 14183K, committed 14208K, reserved 1048576K
Event: 5111.266 GC heap after
Heap after GC invocations=11 (full 4):
 PSYoungGen      total 945664K, used 0K [0x000000072ab00000, 0x0000000769800000, 0x00000007c0000000)
  eden space 884736K, 0% used [0x000000072ab00000,0x000000072ab00000,0x0000000760b00000)
  from space 60928K, 0% used [0x0000000761c80000,0x0000000761c80000,0x0000000765800000)
  to   space 65536K, 0% used [0x0000000765800000,0x0000000765800000,0x0000000769800000)
 ParOldGen       total 3313664K, used 84135K [0x0000000600000000, 0x00000006ca400000, 0x000000072ab00000)
  object space 3313664K, 2% used [0x0000000600000000,0x0000000605229f88,0x00000006ca400000)
 Metaspace       used 89113K, capacity 98160K, committed 98496K, reserved 1134592K
  class space    used 12034K, capacity 14167K, committed 14208K, reserved 1048576K
}

Deoptimization events (10 events):
Event: 628.663 Thread 0x00007fdc29447800 Uncommon trap: reason=class_check action=maybe_recompile pc=0x0000000114974b44 method=java.awt.Component.processEvent(Ljava/awt/AWTEvent;)V @ 121
Event: 718.919 Thread 0x00007fdc2ec00000 Uncommon trap: reason=array_check action=maybe_recompile pc=0x00000001138769ac method=java.util.TimSort.reverseRange([Ljava/lang/Object;II)V @ 20
Event: 720.927 Thread 0x00007fdc2ec00000 Uncommon trap: reason=array_check action=maybe_recompile pc=0x00000001138769ac method=java.util.TimSort.reverseRange([Ljava/lang/Object;II)V @ 20
Event: 722.933 Thread 0x00007fdc2ec00000 Uncommon trap: reason=array_check action=maybe_recompile pc=0x00000001138769ac method=java.util.TimSort.reverseRange([Ljava/lang/Object;II)V @ 20
Event: 724.938 Thread 0x00007fdc2ec00000 Uncommon trap: reason=array_check action=maybe_recompile pc=0x00000001138769ac method=java.util.TimSort.reverseRange([Ljava/lang/Object;II)V @ 20
Event: 983.486 Thread 0x00007fdc2ec00000 Uncommon trap: reason=array_check action=maybe_recompile pc=0x0000000113808360 method=java.util.TimSort.reverseRange([Ljava/lang/Object;II)V @ 27
Event: 985.488 Thread 0x00007fdc2ec00000 Uncommon trap: reason=array_check action=maybe_recompile pc=0x0000000113808360 method=java.util.TimSort.reverseRange([Ljava/lang/Object;II)V @ 27
Event: 1385.238 Thread 0x00007fdc29768000 Uncommon trap: reason=range_check action=make_not_entrant pc=0x00000001139e8504 method=sun.nio.fs.UnixDirectoryStream$UnixDirectoryIterator.isSelfOrParent([B)Z @ 2
Event: 1395.234 Thread 0x00007fdc29768000 Uncommon trap: reason=range_check action=make_not_entrant pc=0x0000000113d940a0 method=sun.nio.fs.UnixDirectoryStream$UnixDirectoryIterator.isSelfOrParent([B)Z @ 2
Event: 5111.266 Thread 0x00007fdc2801a800 Uncommon trap: reason=unstable_if action=reinterpret pc=0x0000000114fc5510 method=java.util.concurrent.ThreadPoolExecutor.runStateAtLeast(II)Z @ 2

Internal exceptions (10 events):
Event: 163.691 Thread 0x00007fdc29447800 Exception <a 'java/lang/ArrayIndexOutOfBoundsException': 70> (0x000000072bb5aee0) thrown at [/Users/java_re/workspace/8-2-build-macosx-x86_64/jdk8u102/7268/hotspot/src/share/vm/interpreter/interpreterRuntime.cpp, line 366]
Event: 163.691 Thread 0x00007fdc29447800 Exception <a 'java/lang/ArrayIndexOutOfBoundsException': 68> (0x000000072bb5edf8) thrown at [/Users/java_re/workspace/8-2-build-macosx-x86_64/jdk8u102/7268/hotspot/src/share/vm/interpreter/interpreterRuntime.cpp, line 366]
Event: 163.705 Thread 0x00007fdc29447800 Exception <a 'java/lang/ArrayIndexOutOfBoundsException': 67> (0x000000072cd255b8) thrown at [/Users/java_re/workspace/8-2-build-macosx-x86_64/jdk8u102/7268/hotspot/src/share/vm/interpreter/interpreterRuntime.cpp, line 366]
Event: 210.452 Thread 0x00007fdc29447800 Exception <a 'java/lang/ArrayIndexOutOfBoundsException': 11> (0x0000000730872108) thrown at [/Users/java_re/workspace/8-2-build-macosx-x86_64/jdk8u102/7268/hotspot/src/share/vm/interpreter/interpreterRuntime.cpp, line 366]
Event: 210.452 Thread 0x00007fdc29447800 Exception <a 'java/lang/ArrayIndexOutOfBoundsException': 23> (0x0000000730872750) thrown at [/Users/java_re/workspace/8-2-build-macosx-x86_64/jdk8u102/7268/hotspot/src/share/vm/interpreter/interpreterRuntime.cpp, line 366]
Event: 210.453 Thread 0x00007fdc29447800 Exception <a 'java/lang/ArrayIndexOutOfBoundsException': 47> (0x0000000730872e58) thrown at [/Users/java_re/workspace/8-2-build-macosx-x86_64/jdk8u102/7268/hotspot/src/share/vm/interpreter/interpreterRuntime.cpp, line 366]
Event: 210.453 Thread 0x00007fdc29447800 Exception <a 'java/lang/ArrayIndexOutOfBoundsException': 95> (0x00000007308736e0) thrown at [/Users/java_re/workspace/8-2-build-macosx-x86_64/jdk8u102/7268/hotspot/src/share/vm/interpreter/interpreterRuntime.cpp, line 366]
Event: 210.453 Thread 0x00007fdc29447800 Exception <a 'java/lang/ArrayIndexOutOfBoundsException': 191> (0x0000000730874268) thrown at [/Users/java_re/workspace/8-2-build-macosx-x86_64/jdk8u102/7268/hotspot/src/share/vm/interpreter/interpreterRuntime.cpp, line 366]
Event: 600.687 Thread 0x00007fdc290bc000 Implicit null exception at 0x00000001149a5e3d to 0x00000001149a7ca9
Event: 600.969 Thread 0x00007fdc290bc000 Implicit null exception at 0x000000011369e48c to 0x000000011369e599

Events (10 events):
Event: 5111.266 Thread 0x00007fdc2801a800 DEOPT PACKING pc=0x0000000114fc5510 sp=0x00007000020e1710
Event: 5111.266 Thread 0x00007fdc2801a800 DEOPT UNPACKING pc=0x00000001128a1229 sp=0x00007000020e16d0 mode 2
Event: 5111.269 Executing VM operation: RevokeBias
Event: 5111.270 Executing VM operation: RevokeBias done
Event: 5111.270 Executing VM operation: RevokeBias
Event: 5111.271 Executing VM operation: RevokeBias done
Event: 5111.271 Executing VM operation: RevokeBias
Event: 5111.271 Executing VM operation: RevokeBias done
Event: 5111.271 Executing VM operation: RevokeBias
Event: 5111.271 Executing VM operation: RevokeBias done


Dynamic libraries:
0x0000000009995000 	/System/Library/Frameworks/Cocoa.framework/Versions/A/Cocoa
0x0000000009995000 	/System/Library/Frameworks/Security.framework/Versions/A/Security
0x0000000009995000 	/System/Library/Frameworks/ApplicationServices.framework/Versions/A/ApplicationServices
0x0000000009995000 	/usr/lib/libz.1.dylib
0x0000000009995000 	/usr/lib/libSystem.B.dylib
0x0000000009995000 	/usr/lib/libobjc.A.dylib
0x0000000009995000 	/System/Library/Frameworks/CoreFoundation.framework/Versions/A/CoreFoundation
0x0000000009995000 	/System/Library/Frameworks/Foundation.framework/Versions/C/Foundation
0x0000000009995000 	/System/Library/Frameworks/AppKit.framework/Versions/C/AppKit
0x0000000009995000 	/System/Library/Frameworks/CoreData.framework/Versions/A/CoreData
0x0000000009995000 	/System/Library/PrivateFrameworks/RemoteViewServices.framework/Versions/A/RemoteViewServices
0x0000000009995000 	/System/Library/PrivateFrameworks/UIFoundation.framework/Versions/A/UIFoundation
0x0000000009995000 	/System/Library/PrivateFrameworks/DFRFoundation.framework/Versions/A/DFRFoundation
0x0000000009995000 	/System/Library/Frameworks/Metal.framework/Versions/A/Metal
0x0000000009995000 	/System/Library/PrivateFrameworks/DesktopServicesPriv.framework/Versions/A/DesktopServicesPriv
0x0000000009995000 	/usr/lib/libenergytrace.dylib
0x0000000009995000 	/System/Library/PrivateFrameworks/SkyLight.framework/Versions/A/SkyLight
0x0000000009995000 	/System/Library/Frameworks/CoreGraphics.framework/Versions/A/CoreGraphics
0x0000000009995000 	/usr/lib/libScreenReader.dylib
0x0000000009995000 	/System/Library/Frameworks/Accelerate.framework/Versions/A/Accelerate
0x0000000009995000 	/System/Library/Frameworks/IOSurface.framework/Versions/A/IOSurface
0x0000000009995000 	/System/Library/Frameworks/AudioToolbox.framework/Versions/A/AudioToolbox
0x0000000009995000 	/System/Library/Frameworks/AudioUnit.framework/Versions/A/AudioUnit
0x0000000009995000 	/System/Library/PrivateFrameworks/DataDetectorsCore.framework/Versions/A/DataDetectorsCore
0x0000000009995000 	/System/Library/Frameworks/Carbon.framework/Versions/A/Frameworks/HIToolbox.framework/Versions/A/HIToolbox
0x0000000009995000 	/usr/lib/libicucore.A.dylib
0x0000000009995000 	/System/Library/Frameworks/QuartzCore.framework/Versions/A/QuartzCore
0x0000000009995000 	/System/Library/Frameworks/Carbon.framework/Versions/A/Frameworks/SpeechRecognition.framework/Versions/A/SpeechRecognition
0x0000000009995000 	/usr/lib/libauto.dylib
0x0000000009995000 	/usr/lib/libxml2.2.dylib
0x0000000009995000 	/System/Library/PrivateFrameworks/CoreUI.framework/Versions/A/CoreUI
0x0000000009995000 	/System/Library/Frameworks/CoreAudio.framework/Versions/A/CoreAudio
0x0000000009995000 	/System/Library/Frameworks/DiskArbitration.framework/Versions/A/DiskArbitration
0x0000000009995000 	/usr/lib/liblangid.dylib
0x0000000009995000 	/System/Library/PrivateFrameworks/MultitouchSupport.framework/Versions/A/MultitouchSupport
0x0000000009995000 	/System/Library/Frameworks/IOKit.framework/Versions/A/IOKit
0x0000000009995000 	/usr/lib/libDiagnosticMessagesClient.dylib
0x0000000009995000 	/System/Library/Frameworks/CoreServices.framework/Versions/A/CoreServices
0x0000000009995000 	/System/Library/PrivateFrameworks/PerformanceAnalysis.framework/Versions/A/PerformanceAnalysis
0x0000000009995000 	/System/Library/Frameworks/OpenGL.framework/Versions/A/OpenGL
0x0000000009995000 	/System/Library/Frameworks/ColorSync.framework/Versions/A/ColorSync
0x0000000009995000 	/System/Library/Frameworks/CoreImage.framework/Versions/A/CoreImage
0x0000000009995000 	/System/Library/Frameworks/CoreText.framework/Versions/A/CoreText
0x0000000009995000 	/System/Library/Frameworks/ImageIO.framework/Versions/A/ImageIO
0x0000000009995000 	/System/Library/PrivateFrameworks/Backup.framework/Versions/A/Backup
0x0000000009995000 	/usr/lib/libarchive.2.dylib
0x0000000009995000 	/System/Library/Frameworks/CFNetwork.framework/Versions/A/CFNetwork
0x0000000009995000 	/System/Library/Frameworks/SystemConfiguration.framework/Versions/A/SystemConfiguration
0x0000000009995000 	/usr/lib/libCRFSuite.dylib
0x0000000009995000 	/usr/lib/libc++.1.dylib
0x0000000009995000 	/usr/lib/libc++abi.dylib
0x0000000009995000 	/usr/lib/system/libcache.dylib
0x0000000009995000 	/usr/lib/system/libcommonCrypto.dylib
0x0000000009995000 	/usr/lib/system/libcompiler_rt.dylib
0x0000000009995000 	/usr/lib/system/libcopyfile.dylib
0x0000000009995000 	/usr/lib/system/libcorecrypto.dylib
0x0000000009995000 	/usr/lib/system/libdispatch.dylib
0x0000000009995000 	/usr/lib/system/libdyld.dylib
0x0000000009995000 	/usr/lib/system/libkeymgr.dylib
0x0000000009995000 	/usr/lib/system/liblaunch.dylib
0x0000000009995000 	/usr/lib/system/libmacho.dylib
0x0000000009995000 	/usr/lib/system/libquarantine.dylib
0x0000000009995000 	/usr/lib/system/libremovefile.dylib
0x0000000009995000 	/usr/lib/system/libsystem_asl.dylib
0x0000000009995000 	/usr/lib/system/libsystem_blocks.dylib
0x0000000009995000 	/usr/lib/system/libsystem_c.dylib
0x0000000009995000 	/usr/lib/system/libsystem_configuration.dylib
0x0000000009995000 	/usr/lib/system/libsystem_coreservices.dylib
0x0000000009995000 	/usr/lib/system/libsystem_darwin.dylib
0x0000000009995000 	/usr/lib/system/libsystem_dnssd.dylib
0x0000000009995000 	/usr/lib/system/libsystem_info.dylib
0x0000000009995000 	/usr/lib/system/libsystem_m.dylib
0x0000000009995000 	/usr/lib/system/libsystem_malloc.dylib
0x0000000009995000 	/usr/lib/system/libsystem_network.dylib
0x0000000009995000 	/usr/lib/system/libsystem_networkextension.dylib
0x0000000009995000 	/usr/lib/system/libsystem_notify.dylib
0x0000000009995000 	/usr/lib/system/libsystem_sandbox.dylib
0x0000000009995000 	/usr/lib/system/libsystem_secinit.dylib
0x0000000009995000 	/usr/lib/system/libsystem_kernel.dylib
0x0000000009995000 	/usr/lib/system/libsystem_platform.dylib
0x0000000009995000 	/usr/lib/system/libsystem_pthread.dylib
0x0000000009995000 	/usr/lib/system/libsystem_symptoms.dylib
0x0000000009995000 	/usr/lib/system/libsystem_trace.dylib
0x0000000009995000 	/usr/lib/system/libunwind.dylib
0x0000000009995000 	/usr/lib/system/libxpc.dylib
0x0000000009995000 	/usr/lib/closure/libclosured.dylib
0x0000000009995000 	/usr/lib/libbsm.0.dylib
0x0000000009995000 	/usr/lib/system/libkxld.dylib
0x0000000009995000 	/usr/lib/libOpenScriptingUtil.dylib
0x0000000009995000 	/usr/lib/libcoretls.dylib
0x0000000009995000 	/usr/lib/libcoretls_cfhelpers.dylib
0x0000000009995000 	/usr/lib/libpam.2.dylib
0x0000000009995000 	/usr/lib/libsqlite3.dylib
0x0000000009995000 	/usr/lib/libxar.1.dylib
0x0000000009995000 	/usr/lib/libbz2.1.0.dylib
0x0000000009995000 	/usr/lib/liblzma.5.dylib
0x0000000009995000 	/usr/lib/libnetwork.dylib
0x0000000009995000 	/usr/lib/libapple_nghttp2.dylib
0x0000000009995000 	/usr/lib/libpcap.A.dylib
0x0000000009995000 	/usr/lib/libboringssl.dylib
0x0000000009995000 	/usr/lib/libusrtcp.dylib
0x0000000009995000 	/usr/lib/libapple_crypto.dylib
0x0000000009995000 	/System/Library/Frameworks/CoreServices.framework/Versions/A/Frameworks/FSEvents.framework/Versions/A/FSEvents
0x0000000009995000 	/System/Library/Frameworks/CoreServices.framework/Versions/A/Frameworks/CarbonCore.framework/Versions/A/CarbonCore
0x0000000009995000 	/System/Library/Frameworks/CoreServices.framework/Versions/A/Frameworks/Metadata.framework/Versions/A/Metadata
0x0000000009995000 	/System/Library/Frameworks/CoreServices.framework/Versions/A/Frameworks/OSServices.framework/Versions/A/OSServices
0x0000000009995000 	/System/Library/Frameworks/CoreServices.framework/Versions/A/Frameworks/SearchKit.framework/Versions/A/SearchKit
0x0000000009995000 	/System/Library/Frameworks/CoreServices.framework/Versions/A/Frameworks/AE.framework/Versions/A/AE
0x0000000009995000 	/System/Library/Frameworks/CoreServices.framework/Versions/A/Frameworks/LaunchServices.framework/Versions/A/LaunchServices
0x0000000009995000 	/System/Library/Frameworks/CoreServices.framework/Versions/A/Frameworks/DictionaryServices.framework/Versions/A/DictionaryServices
0x0000000009995000 	/System/Library/Frameworks/CoreServices.framework/Versions/A/Frameworks/SharedFileList.framework/Versions/A/SharedFileList
0x0000000009995000 	/System/Library/Frameworks/NetFS.framework/Versions/A/NetFS
0x0000000009995000 	/System/Library/PrivateFrameworks/NetAuth.framework/Versions/A/NetAuth
0x0000000009995000 	/System/Library/PrivateFrameworks/login.framework/Versions/A/Frameworks/loginsupport.framework/Versions/A/loginsupport
0x0000000009995000 	/System/Library/PrivateFrameworks/TCC.framework/Versions/A/TCC
0x0000000009995000 	/usr/lib/libmecabra.dylib
0x0000000009995000 	/System/Library/Frameworks/ApplicationServices.framework/Versions/A/Frameworks/ATS.framework/Versions/A/ATS
0x0000000009995000 	/System/Library/Frameworks/ApplicationServices.framework/Versions/A/Frameworks/ColorSyncLegacy.framework/Versions/A/ColorSyncLegacy
0x0000000009995000 	/System/Library/Frameworks/ApplicationServices.framework/Versions/A/Frameworks/HIServices.framework/Versions/A/HIServices
0x0000000009995000 	/System/Library/Frameworks/ApplicationServices.framework/Versions/A/Frameworks/LangAnalysis.framework/Versions/A/LangAnalysis
0x0000000009995000 	/System/Library/Frameworks/ApplicationServices.framework/Versions/A/Frameworks/PrintCore.framework/Versions/A/PrintCore
0x0000000009995000 	/System/Library/Frameworks/ApplicationServices.framework/Versions/A/Frameworks/QD.framework/Versions/A/QD
0x0000000009995000 	/System/Library/Frameworks/ApplicationServices.framework/Versions/A/Frameworks/SpeechSynthesis.framework/Versions/A/SpeechSynthesis
0x0000000009995000 	/System/Library/Frameworks/CoreDisplay.framework/Versions/A/CoreDisplay
0x0000000009995000 	/System/Library/Frameworks/Accelerate.framework/Versions/A/Frameworks/vImage.framework/Versions/A/vImage
0x0000000009995000 	/System/Library/Frameworks/Accelerate.framework/Versions/A/Frameworks/vecLib.framework/Versions/A/vecLib
0x0000000009995000 	/System/Library/Frameworks/Accelerate.framework/Versions/A/Frameworks/vecLib.framework/Versions/A/libvDSP.dylib
0x0000000009995000 	/System/Library/Frameworks/Accelerate.framework/Versions/A/Frameworks/vecLib.framework/Versions/A/libBNNS.dylib
0x0000000009995000 	/System/Library/Frameworks/Accelerate.framework/Versions/A/Frameworks/vecLib.framework/Versions/A/libQuadrature.dylib
0x0000000009995000 	/System/Library/Frameworks/Accelerate.framework/Versions/A/Frameworks/vecLib.framework/Versions/A/libvMisc.dylib
0x0000000009995000 	/System/Library/Frameworks/Accelerate.framework/Versions/A/Frameworks/vecLib.framework/Versions/A/libLAPACK.dylib
0x0000000009995000 	/System/Library/Frameworks/Accelerate.framework/Versions/A/Frameworks/vecLib.framework/Versions/A/libBLAS.dylib
0x0000000009995000 	/System/Library/Frameworks/Accelerate.framework/Versions/A/Frameworks/vecLib.framework/Versions/A/libLinearAlgebra.dylib
0x0000000009995000 	/System/Library/Frameworks/Accelerate.framework/Versions/A/Frameworks/vecLib.framework/Versions/A/libSparse.dylib
0x0000000009995000 	/System/Library/Frameworks/Accelerate.framework/Versions/A/Frameworks/vecLib.framework/Versions/A/libSparseBLAS.dylib
0x0000000009995000 	/System/Library/PrivateFrameworks/IOAccelerator.framework/Versions/A/IOAccelerator
0x0000000009995000 	/System/Library/PrivateFrameworks/IOPresentment.framework/Versions/A/IOPresentment
0x0000000009995000 	/System/Library/PrivateFrameworks/DSExternalDisplay.framework/Versions/A/DSExternalDisplay
0x0000000009995000 	/System/Library/Frameworks/OpenGL.framework/Versions/A/Libraries/libCoreFSCache.dylib
0x0000000009995000 	/System/Library/Frameworks/CoreVideo.framework/Versions/A/CoreVideo
0x0000000009995000 	/System/Library/PrivateFrameworks/GraphVisualizer.framework/Versions/A/GraphVisualizer
0x0000000009995000 	/System/Library/Frameworks/MetalPerformanceShaders.framework/Versions/A/MetalPerformanceShaders
0x0000000009995000 	/usr/lib/libFosl_dynamic.dylib
0x0000000009995000 	/System/Library/PrivateFrameworks/FaceCore.framework/Versions/A/FaceCore
0x0000000009995000 	/System/Library/Frameworks/OpenCL.framework/Versions/A/OpenCL
0x0000000009995000 	/usr/lib/libcompression.dylib
0x0000000009995000 	/System/Library/Frameworks/ApplicationServices.framework/Versions/A/Frameworks/ATS.framework/Versions/A/Resources/libFontParser.dylib
0x0000000009995000 	/System/Library/Frameworks/ApplicationServices.framework/Versions/A/Frameworks/ATS.framework/Versions/A/Resources/libFontRegistry.dylib
0x0000000009995000 	/System/Library/Frameworks/ImageIO.framework/Versions/A/Resources/libJPEG.dylib
0x0000000009995000 	/System/Library/Frameworks/ImageIO.framework/Versions/A/Resources/libTIFF.dylib
0x0000000009995000 	/System/Library/Frameworks/ImageIO.framework/Versions/A/Resources/libPng.dylib
0x0000000009995000 	/System/Library/Frameworks/ImageIO.framework/Versions/A/Resources/libGIF.dylib
0x0000000009995000 	/System/Library/Frameworks/ImageIO.framework/Versions/A/Resources/libJP2.dylib
0x0000000009995000 	/System/Library/Frameworks/ImageIO.framework/Versions/A/Resources/libRadiance.dylib
0x0000000009995000 	/System/Library/PrivateFrameworks/AppleJPEG.framework/Versions/A/AppleJPEG
0x0000000009995000 	/System/Library/PrivateFrameworks/MetalTools.framework/Versions/A/MetalTools
0x0000000009995000 	/System/Library/Frameworks/MetalPerformanceShaders.framework/Frameworks/MPSCore.framework/Versions/A/MPSCore
0x0000000009995000 	/System/Library/Frameworks/MetalPerformanceShaders.framework/Frameworks/MPSImage.framework/Versions/A/MPSImage
0x0000000009995000 	/System/Library/Frameworks/MetalPerformanceShaders.framework/Frameworks/MPSMatrix.framework/Versions/A/MPSMatrix
0x0000000009995000 	/System/Library/Frameworks/MetalPerformanceShaders.framework/Frameworks/MPSNeuralNetwork.framework/Versions/A/MPSNeuralNetwork
0x0000000009995000 	/System/Library/Frameworks/OpenGL.framework/Versions/A/Libraries/libGLU.dylib
0x0000000009995000 	/System/Library/Frameworks/OpenGL.framework/Versions/A/Libraries/libGFXShared.dylib
0x0000000009995000 	/System/Library/Frameworks/OpenGL.framework/Versions/A/Libraries/libGL.dylib
0x0000000009995000 	/System/Library/Frameworks/OpenGL.framework/Versions/A/Libraries/libGLImage.dylib
0x0000000009995000 	/System/Library/Frameworks/OpenGL.framework/Versions/A/Libraries/libCVMSPluginSupport.dylib
0x0000000009995000 	/System/Library/Frameworks/OpenGL.framework/Versions/A/Libraries/libCoreVMClient.dylib
0x0000000009995000 	/usr/lib/libcups.2.dylib
0x0000000009995000 	/System/Library/Frameworks/Kerberos.framework/Versions/A/Kerberos
0x0000000009995000 	/System/Library/Frameworks/GSS.framework/Versions/A/GSS
0x0000000009995000 	/usr/lib/libresolv.9.dylib
0x0000000009995000 	/usr/lib/libiconv.2.dylib
0x0000000009995000 	/System/Library/PrivateFrameworks/Heimdal.framework/Versions/A/Heimdal
0x0000000009995000 	/usr/lib/libheimdal-asn1.dylib
0x0000000009995000 	/System/Library/Frameworks/OpenDirectory.framework/Versions/A/OpenDirectory
0x0000000009995000 	/System/Library/PrivateFrameworks/CommonAuth.framework/Versions/A/CommonAuth
0x0000000009995000 	/System/Library/Frameworks/OpenDirectory.framework/Versions/A/Frameworks/CFOpenDirectory.framework/Versions/A/CFOpenDirectory
0x0000000009995000 	/System/Library/Frameworks/SecurityFoundation.framework/Versions/A/SecurityFoundation
0x0000000009995000 	/System/Library/PrivateFrameworks/APFS.framework/Versions/A/APFS
0x0000000009995000 	/usr/lib/libutil.dylib
0x0000000009995000 	/System/Library/PrivateFrameworks/AppleSauce.framework/Versions/A/AppleSauce
0x0000000009995000 	/System/Library/PrivateFrameworks/LinguisticData.framework/Versions/A/LinguisticData
0x0000000009995000 	/usr/lib/libmarisa.dylib
0x0000000009995000 	/System/Library/PrivateFrameworks/Lexicon.framework/Versions/A/Lexicon
0x0000000009995000 	/usr/lib/libChineseTokenizer.dylib
0x0000000009995000 	/usr/lib/libcmph.dylib
0x0000000009995000 	/System/Library/PrivateFrameworks/LanguageModeling.framework/Versions/A/LanguageModeling
0x0000000009995000 	/System/Library/PrivateFrameworks/CoreEmoji.framework/Versions/A/CoreEmoji
0x0000000009995000 	/System/Library/Frameworks/ServiceManagement.framework/Versions/A/ServiceManagement
0x0000000009995000 	/System/Library/PrivateFrameworks/BackgroundTaskManagement.framework/Versions/A/BackgroundTaskManagement
0x0000000009995000 	/usr/lib/libxslt.1.dylib
0x0000000009995000 	/System/Library/Frameworks/Carbon.framework/Versions/A/Frameworks/Ink.framework/Versions/A/Ink
0x0000000009995000 	/System/Library/PrivateFrameworks/TextureIO.framework/Versions/A/TextureIO
0x0000000009995000 	/usr/lib/libate.dylib
0x0000000009995000 	/System/Library/PrivateFrameworks/CrashReporterSupport.framework/Versions/A/CrashReporterSupport
0x0000000009995000 	/System/Library/PrivateFrameworks/Sharing.framework/Versions/A/Sharing
0x0000000009995000 	/System/Library/PrivateFrameworks/IconServices.framework/Versions/A/IconServices
0x0000000009995000 	/System/Library/PrivateFrameworks/ProtocolBuffer.framework/Versions/A/ProtocolBuffer
0x0000000009995000 	/System/Library/PrivateFrameworks/Apple80211.framework/Versions/A/Apple80211
0x0000000009995000 	/System/Library/Frameworks/CoreWLAN.framework/Versions/A/CoreWLAN
0x0000000009995000 	/System/Library/PrivateFrameworks/CoreUtils.framework/Versions/A/CoreUtils
0x0000000009995000 	/System/Library/Frameworks/IOBluetooth.framework/Versions/A/IOBluetooth
0x0000000009995000 	/System/Library/PrivateFrameworks/CoreWiFi.framework/Versions/A/CoreWiFi
0x0000000009995000 	/System/Library/Frameworks/CoreBluetooth.framework/Versions/A/CoreBluetooth
0x0000000009995000 	/System/Library/PrivateFrameworks/SignpostNotification.framework/Versions/A/SignpostNotification
0x0000000009995000 	/System/Library/PrivateFrameworks/DebugSymbols.framework/Versions/A/DebugSymbols
0x0000000009995000 	/System/Library/PrivateFrameworks/CoreSymbolication.framework/Versions/A/CoreSymbolication
0x0000000009995000 	/System/Library/PrivateFrameworks/Symbolication.framework/Versions/A/Symbolication
0x0000000009995000 	/System/Library/PrivateFrameworks/AppleFSCompression.framework/Versions/A/AppleFSCompression
0x0000000009995000 	/System/Library/PrivateFrameworks/SpeechRecognitionCore.framework/Versions/A/SpeechRecognitionCore
0x0000000107e00000 	/Library/Java/JavaVirtualMachines/jdk1.8.0_102.jdk/Contents/Home/jre/lib/server/libjvm.dylib
0x0000000009995000 	/usr/lib/libstdc++.6.0.9.dylib
0x0000000107578000 	/Library/Java/JavaVirtualMachines/jdk1.8.0_102.jdk/Contents/Home/jre/lib/libverify.dylib
0x0000000107586000 	/Library/Java/JavaVirtualMachines/jdk1.8.0_102.jdk/Contents/Home/jre/lib/libjava.dylib
0x0000000108da1000 	/Library/Java/JavaVirtualMachines/jdk1.8.0_102.jdk/Contents/Home/jre/lib/libjdwp.dylib
0x00000001075bc000 	/Library/Java/JavaVirtualMachines/jdk1.8.0_102.jdk/Contents/Home/jre/lib/libnpt.dylib
0x00000001075c9000 	/Library/Java/JavaVirtualMachines/jdk1.8.0_102.jdk/Contents/Home/jre/lib/libzip.dylib
0x0000000009995000 	/System/Library/Frameworks/JavaVM.framework/Versions/A/Frameworks/JavaRuntimeSupport.framework/Versions/A/JavaRuntimeSupport
0x0000000009995000 	/System/Library/Frameworks/JavaVM.framework/Versions/A/Frameworks/JavaNativeFoundation.framework/Versions/A/JavaNativeFoundation
0x0000000009995000 	/System/Library/Frameworks/JavaVM.framework/Versions/A/JavaVM
0x0000000009995000 	/System/Library/Frameworks/Carbon.framework/Versions/A/Carbon
0x0000000009995000 	/System/Library/PrivateFrameworks/JavaLaunching.framework/Versions/A/JavaLaunching
0x0000000009995000 	/System/Library/Frameworks/Carbon.framework/Versions/A/Frameworks/CommonPanels.framework/Versions/A/CommonPanels
0x0000000009995000 	/System/Library/Frameworks/Carbon.framework/Versions/A/Frameworks/Help.framework/Versions/A/Help
0x0000000009995000 	/System/Library/Frameworks/Carbon.framework/Versions/A/Frameworks/ImageCapture.framework/Versions/A/ImageCapture
0x0000000009995000 	/System/Library/Frameworks/Carbon.framework/Versions/A/Frameworks/OpenScripting.framework/Versions/A/OpenScripting
0x0000000009995000 	/System/Library/Frameworks/Carbon.framework/Versions/A/Frameworks/Print.framework/Versions/A/Print
0x0000000009995000 	/System/Library/Frameworks/Carbon.framework/Versions/A/Frameworks/SecurityHI.framework/Versions/A/SecurityHI
0x000000010ec26000 	/Library/Java/JavaVirtualMachines/jdk1.8.0_102.jdk/Contents/Home/jre/lib/libdt_socket.dylib
0x000000010ec7d000 	/Library/Java/JavaVirtualMachines/jdk1.8.0_102.jdk/Contents/Home/jre/lib/libawt.dylib
0x000000010ed25000 	/Library/Java/JavaVirtualMachines/jdk1.8.0_102.jdk/Contents/Home/jre/lib/./libmlib_image.dylib
0x000000010edf1000 	/Library/Java/JavaVirtualMachines/jdk1.8.0_102.jdk/Contents/Home/jre/lib/libawt_lwawt.dylib
0x000000010eea6000 	/Library/Java/JavaVirtualMachines/jdk1.8.0_102.jdk/Contents/Home/jre/lib/./libosxapp.dylib
0x0000000009995000 	/System/Library/Frameworks/ExceptionHandling.framework/Versions/A/ExceptionHandling
0x0000000009995000 	/System/Library/PrivateFrameworks/CoreServicesInternal.framework/Versions/A/CoreServicesInternal
0x0000000009995000 	/System/Library/CoreServices/RawCamera.bundle/Contents/MacOS/RawCamera
0x0000000009995000 	/System/Library/PrivateFrameworks/MobileAsset.framework/Versions/A/MobileAsset
0x0000000009995000 	/System/Library/PrivateFrameworks/StreamingZip.framework/Versions/A/StreamingZip
0x0000000009995000 	/System/Library/Frameworks/MediaToolbox.framework/Versions/A/MediaToolbox
0x0000000009995000 	/System/Library/PrivateFrameworks/CoreAVCHD.framework/Versions/A/CoreAVCHD
0x0000000009995000 	/System/Library/Frameworks/MediaAccessibility.framework/Versions/A/MediaAccessibility
0x0000000009995000 	/System/Library/PrivateFrameworks/Mangrove.framework/Versions/A/Mangrove
0x0000000009995000 	/System/Library/Frameworks/CoreMedia.framework/Versions/A/CoreMedia
0x0000000009995000 	/System/Library/Frameworks/VideoToolbox.framework/Versions/A/VideoToolbox
0x0000000009995000 	/System/Library/PrivateFrameworks/CoreAUC.framework/Versions/A/CoreAUC
0x0000000009995000 	/usr/lib/libspindump.dylib
0x0000000009995000 	/usr/lib/libdscsym.dylib
0x0000000009995000 	/System/Library/PrivateFrameworks/AppleVA.framework/Versions/A/AppleVA
0x0000000009995000 	/System/Library/Frameworks/Accelerate.framework/Versions/A/Frameworks/vImage.framework/Versions/A/Libraries/libCGInterfaces.dylib
0x0000000009995000 	/System/Library/Frameworks/ApplicationServices.framework/Versions/A/Frameworks/ATS.framework/Versions/A/Resources/libTrueTypeScaler.dylib
0x0000000009995000 	/System/Library/Frameworks/OpenGL.framework/Versions/A/Resources/GLEngine.bundle/GLEngine
0x0000000009995000 	/System/Library/Frameworks/OpenGL.framework/Versions/A/Libraries/libGLProgrammability.dylib
0x0000000110dbd000 	/System/Library/Extensions/AppleIntelBDWGraphicsGLDriver.bundle/Contents/MacOS/AppleIntelBDWGraphicsGLDriver
0x0000000009995000 	/System/Library/PrivateFrameworks/GPUSupport.framework/Versions/A/Libraries/libGPUSupportMercury.dylib
0x0000000009995000 	/System/Library/Frameworks/OpenGL.framework/Versions/A/Resources/GLRendererFloat.bundle/GLRendererFloat
0x0000000009995000 	/System/Library/Frameworks/OpenCL.framework/Versions/A/Libraries/libcldcpuengine.dylib
0x0000000009995000 	/usr/lib/libcrypto.35.dylib
0x0000000009995000 	/System/Library/PrivateFrameworks/TrustEvaluationAgent.framework/Versions/A/TrustEvaluationAgent
0x0000000009995000 	/System/Library/Extensions/AppleIntelBDWGraphicsMTLDriver.bundle/Contents/MacOS/AppleIntelBDWGraphicsMTLDriver
0x0000000009995000 	/System/Library/PrivateFrameworks/GPUCompiler.framework/Versions/3802/Libraries/libmetal_timestamp.dylib
0x0000000009995000 	/System/Library/PrivateFrameworks/FamilyControls.framework/Versions/A/FamilyControls
0x0000000009995000 	/System/Library/PrivateFrameworks/CommerceKit.framework/Versions/A/Frameworks/CommerceCore.framework/Versions/A/CommerceCore
0x0000000009995000 	/System/Library/PrivateFrameworks/SystemAdministration.framework/Versions/A/SystemAdministration
0x0000000009995000 	/System/Library/PrivateFrameworks/AppContainer.framework/Versions/A/AppContainer
0x0000000009995000 	/System/Library/PrivateFrameworks/SecCodeWrapper.framework/Versions/A/SecCodeWrapper
0x0000000009995000 	/System/Library/PrivateFrameworks/DiskManagement.framework/Versions/A/DiskManagement
0x0000000009995000 	/System/Library/Frameworks/DirectoryService.framework/Versions/A/DirectoryService
0x0000000009995000 	/System/Library/PrivateFrameworks/DiskImages.framework/Versions/A/DiskImages
0x0000000009995000 	/System/Library/PrivateFrameworks/LoginUIKit.framework/Versions/A/Frameworks/LoginUICore.framework/Versions/A/LoginUICore
0x0000000009995000 	/usr/lib/libCoreStorage.dylib
0x0000000009995000 	/usr/lib/libcsfde.dylib
0x0000000009995000 	/usr/lib/libodfde.dylib
0x0000000009995000 	/System/Library/PrivateFrameworks/MediaKit.framework/Versions/A/MediaKit
0x0000000009995000 	/System/Library/Frameworks/DiscRecording.framework/Versions/A/DiscRecording
0x0000000009995000 	/System/Library/PrivateFrameworks/EFILogin.framework/Versions/A/EFILogin
0x0000000009995000 	/System/Library/PrivateFrameworks/ProtectedCloudStorage.framework/Versions/A/ProtectedCloudStorage
0x0000000009995000 	/usr/lib/libcurl.4.dylib
0x0000000009995000 	/usr/lib/libssl.35.dylib
0x0000000009995000 	/System/Library/Frameworks/LDAP.framework/Versions/A/LDAP
0x0000000009995000 	/usr/lib/libsasl2.2.dylib
0x0000000009995000 	/System/Library/PrivateFrameworks/CoreDaemon.framework/Versions/B/CoreDaemon
0x0000000009995000 	/System/Library/PrivateFrameworks/AppleSRP.framework/Versions/A/AppleSRP
0x000000012fab3000 	/Library/Java/JavaVirtualMachines/jdk1.8.0_102.jdk/Contents/Home/jre/lib/libfontmanager.dylib
0x000000012fb1a000 	/Library/Java/JavaVirtualMachines/jdk1.8.0_102.jdk/Contents/Home/jre/lib/libosxui.dylib
0x0000000009995000 	/System/Library/PrivateFrameworks/ViewBridge.framework/Versions/A/ViewBridge
0x00000001309a0000 	/Library/Java/JavaVirtualMachines/jdk1.8.0_102.jdk/Contents/Home/jre/lib/libnet.dylib
0x0000000130705000 	/Library/Java/JavaVirtualMachines/jdk1.8.0_102.jdk/Contents/Home/jre/lib/libnio.dylib
0x00000001785b3000 	/Library/Java/JavaVirtualMachines/jdk1.8.0_102.jdk/Contents/Home/jre/lib/libmanagement.dylib
0x000000011073e000 	/Library/Java/JavaVirtualMachines/jdk1.8.0_102.jdk/Contents/Home/jre/lib/libsunec.dylib
0x00000001107fc000 	/Users/adamtreister/CytoscapeConfiguration/3/karaf_data/tmp/libjansi-64-3225450426302945030.jnilib
0x000000017ae5e000 	/Library/Java/JavaVirtualMachines/jdk1.8.0_102.jdk/Contents/Home/jre/lib/libt2k.dylib
0x000000017b82e000 	/Users/adamtreister/CytoscapeConfiguration/3/karaf_data/cache/bundle105/version0.0/bundle.jar-lib/0/native/macosx/liblwjgl.dylib
0x0000000110c1f000 	/Library/Java/JavaVirtualMachines/jdk1.8.0_102.jdk/Contents/Home/jre/lib/libjawt.dylib
0x000000017c59e000 	/Library/Java/JavaVirtualMachines/jdk1.8.0_102.jdk/Contents/Home/jre/lib/libjpeg.dylib
0x0000000179081000 	/Library/Java/JavaVirtualMachines/jdk1.8.0_102.jdk/Contents/Home/jre/lib/libdcpr.dylib
0x0000000009995000 	/System/Library/PrivateFrameworks/Shortcut.framework/Versions/A/Shortcut
0x0000000009995000 	/System/Library/PrivateFrameworks/HelpData.framework/Versions/A/HelpData
0x0000000009995000 	/System/Library/PrivateFrameworks/FinderKit.framework/Versions/A/FinderKit
0x0000000009995000 	/System/Library/Frameworks/Quartz.framework/Versions/A/Frameworks/QuickLookUI.framework/Versions/A/QuickLookUI
0x0000000009995000 	/System/Library/Frameworks/Quartz.framework/Versions/A/Frameworks/ImageKit.framework/Versions/A/ImageKit
0x0000000009995000 	/System/Library/Frameworks/QuickLook.framework/Versions/A/QuickLook
0x0000000009995000 	/System/Library/PrivateFrameworks/AppleSystemInfo.framework/Versions/A/AppleSystemInfo
0x0000000009995000 	/System/Library/Frameworks/ImageCaptureCore.framework/Versions/A/ImageCaptureCore
0x0000000009995000 	/System/Library/PrivateFrameworks/Suggestions.framework/Versions/A/Suggestions
0x0000000009995000 	/System/Library/Frameworks/SafariServices.framework/Versions/A/SafariServices
0x0000000009995000 	/System/Library/Frameworks/QTKit.framework/Versions/A/QTKit
0x0000000009995000 	/System/Library/PrivateFrameworks/MobileKeyBag.framework/Versions/A/MobileKeyBag
0x0000000009995000 	/System/Library/Frameworks/AVFoundation.framework/Versions/A/AVFoundation
0x0000000009995000 	/System/Library/PrivateFrameworks/CoreMediaAuthoring.framework/Versions/A/CoreMediaAuthoring
0x0000000009995000 	/System/Library/Frameworks/CoreMediaIO.framework/Versions/A/CoreMediaIO
0x0000000009995000 	/System/Library/Frameworks/AVFoundation.framework/Versions/A/Frameworks/AVFAudio.framework/Versions/A/AVFAudio
0x0000000009995000 	/System/Library/PrivateFrameworks/IntlPreferences.framework/Versions/A/IntlPreferences
0x0000000009995000 	/System/Library/PrivateFrameworks/RemoteServiceDiscovery.framework/Versions/A/RemoteServiceDiscovery
0x0000000009995000 	/System/Library/PrivateFrameworks/RemoteXPC.framework/Versions/A/RemoteXPC
0x0000000009995000 	/System/Library/PrivateFrameworks/MultiverseSupport.framework/Versions/A/MultiverseSupport
0x0000000009995000 	/System/Library/PrivateFrameworks/InternationalSupport.framework/Versions/A/InternationalSupport
0x0000000009995000 	/System/Library/PrivateFrameworks/QuickLookThumbnailing.framework/Versions/A/QuickLookThumbnailing
0x0000000009995000 	/System/Library/PrivateFrameworks/GenerationalStorage.framework/Versions/A/GenerationalStorage
0x0000000009995000 	/System/Library/PrivateFrameworks/ChunkingLibrary.framework/Versions/A/ChunkingLibrary
0x0000000009995000 	/System/Library/PrivateFrameworks/DisplayServices.framework/Versions/A/DisplayServices
0x0000000009995000 	/System/Library/Frameworks/Quartz.framework/Versions/A/Frameworks/PDFKit.framework/Versions/A/PDFKit
0x0000000009995000 	/System/Library/Frameworks/Quartz.framework/Versions/A/Frameworks/QuartzComposer.framework/Versions/A/QuartzComposer
0x0000000009995000 	/System/Library/Frameworks/Quartz.framework/Versions/A/Frameworks/QuartzFilters.framework/Versions/A/QuartzFilters
0x0000000009995000 	/System/Library/PrivateFrameworks/CorePDF.framework/Versions/A/CorePDF
0x0000000009995000 	/System/Library/Frameworks/JavaScriptCore.framework/Versions/A/JavaScriptCore
0x0000000009995000 	/System/Library/Frameworks/AddressBook.framework/Versions/A/AddressBook
0x0000000009995000 	/System/Library/PrivateFrameworks/ContactsPersistence.framework/Versions/A/ContactsPersistence
0x0000000009995000 	/System/Library/PrivateFrameworks/ApplePushService.framework/Versions/A/ApplePushService
0x0000000009995000 	/System/Library/PrivateFrameworks/CalendarAgentLink.framework/Versions/A/CalendarAgentLink
0x0000000009995000 	/System/Library/PrivateFrameworks/ContactsFoundation.framework/Versions/A/ContactsFoundation
0x0000000009995000 	/System/Library/PrivateFrameworks/CorePhoneNumbers.framework/Versions/A/CorePhoneNumbers
0x0000000009995000 	/System/Library/Frameworks/Quartz.framework/Versions/A/Quartz
0x0000000009995000 	/System/Library/Frameworks/SecurityInterface.framework/Versions/A/SecurityInterface
0x0000000009995000 	/System/Library/PrivateFrameworks/ToneKit.framework/Versions/A/ToneKit
0x0000000009995000 	/System/Library/PrivateFrameworks/ToneLibrary.framework/Versions/A/ToneLibrary
0x0000000009995000 	/System/Library/PrivateFrameworks/vCard.framework/Versions/A/vCard
0x0000000009995000 	/System/Library/Frameworks/Accounts.framework/Versions/A/Accounts
0x0000000009995000 	/System/Library/PrivateFrameworks/PhoneNumbers.framework/Versions/A/PhoneNumbers
0x0000000009995000 	/System/Library/PrivateFrameworks/CommonUtilities.framework/Versions/A/CommonUtilities
0x0000000009995000 	/System/Library/PrivateFrameworks/CloudDocs.framework/Versions/A/CloudDocs
0x0000000009995000 	/System/Library/PrivateFrameworks/FileProvider.framework/Versions/A/FileProvider
0x0000000009995000 	/System/Library/PrivateFrameworks/SpotlightIndex.framework/Versions/A/SpotlightIndex
0x0000000009995000 	/System/Library/PrivateFrameworks/SymptomDiagnosticReporter.framework/Versions/A/SymptomDiagnosticReporter
0x0000000009995000 	/System/Library/Frameworks/CoreSpotlight.framework/Versions/A/CoreSpotlight
0x0000000009995000 	/System/Library/PrivateFrameworks/PlugInKit.framework/Versions/A/PlugInKit
0x0000000009995000 	/System/Library/PrivateFrameworks/CoreNLP.framework/Versions/A/CoreNLP
0x0000000009995000 	/usr/lib/libmecab.1.0.0.dylib
0x0000000009995000 	/usr/lib/libgermantok.dylib
0x0000000009995000 	/usr/lib/libThaiTokenizer.dylib
0x0000000009995000 	/System/Library/PrivateFrameworks/SharePointManagement.framework/Versions/A/SharePointManagement
0x0000000009995000 	/System/Library/Frameworks/CloudKit.framework/Versions/A/CloudKit
0x0000000009995000 	/System/Library/Frameworks/CoreLocation.framework/Versions/A/CoreLocation
0x0000000009995000 	/System/Library/PrivateFrameworks/GeoServices.framework/Versions/A/GeoServices
0x0000000188ba1000 	/System/Library/Frameworks/Security.framework/PlugIns/csparser.bundle/Contents/MacOS/csparser
0x0000000185318000 	/System/Library/PrivateFrameworks/FileProvider.framework/OverrideBundles/CloudDocsFileProvider.bundle/Contents/MacOS/CloudDocsFileProvider
0x000000018531f000 	/System/Library/PrivateFrameworks/FileProvider.framework/OverrideBundles/FileProviderOverride.bundle/Contents/MacOS/FileProviderOverride
0x0000000188bed000 	/System/Library/PrivateFrameworks/FileProvider.framework/OverrideBundles/FinderSyncCollaborationFileProviderOverride.bundle/Contents/MacOS/FinderSyncCollaborationFileProviderOverride
0x0000000009995000 	/System/Library/PrivateFrameworks/login.framework/Versions/A/login

VM Arguments:
jvm_args: -agentlib:jdwp=transport=dt_socket,suspend=y,address=localhost:53566 -Xms2048M -Xmx7168M -Djava.endorsed.dirs=/Library/Java/JavaVirtualMachines/jdk1.8.0_102.jdk/Contents/Home/jre/lib/endorsed:/Library/Java/JavaVirtualMachines/jdk1.8.0_102.jdk/Contents/Home/lib/endorsed:/Users/adamtreister/Documents/workspace/sept26/cytoscape/cytoscape/gui-distribution/assembly/target/cytoscape/framework/lib/endorsed -Djava.ext.dirs=/Library/Java/JavaVirtualMachines/jdk1.8.0_102.jdk/Contents/Home/jre/lib/ext:/Library/Java/JavaVirtualMachines/jdk1.8.0_102.jdk/Contents/Home/lib/ext:/Users/adamtreister/Documents/workspace/sept26/cytoscape/cytoscape/gui-distribution/assembly/target/cytoscape/framework/lib/ext -Dkaraf.instances=/Users/adamtreister/Documents/workspace/sept26/cytoscape/cytoscape/gui-distribution/assembly/target/cytoscape/framework/instances -Dkaraf.home=/Users/adamtreister/Documents/workspace/sept26/cytoscape/cytoscape/gui-distribution/assembly/target/cytoscape/framework -Dkaraf.base=/Users/adamtreister/Documents/workspace/sept26/cytoscape/cytoscape/gui-distribution/assembly/target/cytoscape/framework -Dkaraf.data=/Users/adamtreister/CytoscapeConfiguration/3/karaf_data -Dkaraf.etc=/Users/adamtreister/Documents/workspace/sept26/cytoscape/cytoscape/gui-distribution/assembly/target/cytoscape/framework/etc -Djava.io.tmpdir=/Users/adamtreister/CytoscapeConfiguration/3/karaf_data/tmp -Djava.util.logging.config.file=/Users/adamtreister/Documents/workspace/sept26/cytoscape/cytoscape/gui-distribution/assembly/target/cytoscape/framework/etc/java.util.logging.properties -Djavax.management.builder.initial=org.apache.karaf.management.boot.KarafMBeanServerBuilder -Dcytoscape.home=/Users/adamtreister/Documents/workspace/sept26/cytoscape/cytoscape/gui-distribution/assembly/target/cytoscape -Dkaraf.startLocalConsole=true -Dkaraf.startRemoteShell=false -Dkaraf.lock=false -Dfile.encoding=UTF-8 -Xbootclasspath/a:/Users/adamtreister/Documents/workspace/sept26/cytoscape/cytoscape/gui-distribution/assembly/target/cytoscape/framework/lib/karaf-jaas-boot.jar:/Users/adamtreister/Documents/workspace/sept26/cytoscape/cytoscape/gui-distribution/assembly/target/cytoscape/framework/lib/karaf-jmx-boot.jar:/Users/adamtreister/Documents/workspace/sept26/cytoscape/cytoscape/gui-distribution/assembly/target/cytoscape/framework/lib/karaf-launcher-3.6.0-SNAPSHOT.jar:/Users/adamtreister/Documents/workspace/sept26/cytoscape/cytoscape/gui-distribution/assembly/target/cytoscape/framework/lib/karaf-org.osgi.core.jar:/Users/adamtreister/Documents/workspace/sept26/cytoscape/cytoscape/gui-distribution/assembly/target/cytoscape/framework/lib/karaf.jar 
java_command: org.cytoscape.launcher.internal.Launcher
java_class_path (initial): /Users/adamtreister/Documents/workspace/sept26/cytoscape/cytoscape/impl/core-task-impl/target/classes:/Users/adamtreister/Documents/workspace/sept26/cytoscape/cytoscape/api/model-api/target/classes:/Users/adamtreister/Documents/workspace/sept26/cytoscape/cytoscape/api/event-api/target/classes:/Users/adamtreister/Documents/workspace/sept26/cytoscape/cytoscape/api/work-api/target/classes:/Users/adamtreister/Documents/workspace/sept26/cytoscape/cytoscape/api/session-api/target/classes:/Users/adamtreister/Documents/workspace/sept26/cytoscape/cytoscape/api/io-api/target/classes:/Users/adamtreister/Documents/workspace/sept26/cytoscape/cytoscape/api/filter-api/target/classes:/Users/adamtreister/Documents/workspace/sept26/cytoscape/cytoscape/api/group-api/target/classes:/Users/adamtreister/Documents/workspace/sept26/cytoscape/cytoscape/api/command-executor-api/target/classes:/Users/adamtreister/Documents/workspace/sept26/cytoscape/cytoscape/api/viewmodel-api/target/classes:/Users/adamtreister/Documents/workspace/sept26/cytoscape/cytoscape/api/presentation-api/target/classes:/Users/adamtreister/Documents/workspace/sept26/cytoscape/cytoscape/api/property-api/target/classes:/Users/adamtreister/Documents/workspace/sept26/cytoscape/cytoscape/api/vizmap-api/target/classes:/Users/adamtreister/Documents/workspace/sept26/cytoscape/cytoscape/api/core-task-api/target/classes:/Users/adamtreister/Documents/workspace/sept26/cytoscape/cytoscape/api/swing-util-api/target/classes:/Users/adamtreister/Documents/workspace/sept26/cytoscape/cytoscape/api/layout-api/target/classes:/Users/adamtreister/Documents/workspace/sept26/cytoscape/cytoscape/api/application-api/target/classes:/Users/adamtreister/Documents/workspace/sept26/cytoscape/cytoscape/api/swing-application-api/target/classes:/Users/adamtreister/Documents/workspace/sept26/cytoscape/cytoscape/api/work-swing-api/target/classes:/Users/adamtreister/Documents/workspace/sept26/cytoscape/cytoscape/api/datasource-a
Launcher Type: SUN_STANDARD

Environment Variables:
PATH=/usr/bin:/bin:/usr/sbin:/sbin
SHELL=/bin/bash

Signal Handlers:
SIGSEGV: [libjvm.dylib+0x5b0579], sa_mask[0]=11111111011111110111111111111111, sa_flags=SA_ONSTACK|SA_RESTART|SA_SIGINFO
SIGBUS: [libjvm.dylib+0x5b0579], sa_mask[0]=11111111011111110111111111111111, sa_flags=SA_RESTART|SA_SIGINFO
SIGFPE: [libjvm.dylib+0x4874e4], sa_mask[0]=11111111011111110111111111111111, sa_flags=SA_RESTART|SA_SIGINFO
SIGPIPE: [libjvm.dylib+0x4874e4], sa_mask[0]=11111111011111110111111111111111, sa_flags=SA_RESTART|SA_SIGINFO
SIGXFSZ: [libjvm.dylib+0x4874e4], sa_mask[0]=11111111011111110111111111111111, sa_flags=SA_RESTART|SA_SIGINFO
SIGILL: [libjvm.dylib+0x4874e4], sa_mask[0]=11111111011111110111111111111111, sa_flags=SA_RESTART|SA_SIGINFO
SIGUSR1: SIG_DFL, sa_mask[0]=00000000000000000000000000000000, sa_flags=none
SIGUSR2: [libjvm.dylib+0x487002], sa_mask[0]=00100000000000000000000000000000, sa_flags=SA_RESTART|SA_SIGINFO
SIGHUP: [libjvm.dylib+0x4855d9], sa_mask[0]=11111111011111110111111111111111, sa_flags=SA_RESTART|SA_SIGINFO
SIGINT: [libjvm.dylib+0x4855d9], sa_mask[0]=11111111011111110111111111111111, sa_flags=SA_RESTART|SA_SIGINFO
SIGTERM: [libjvm.dylib+0x4855d9], sa_mask[0]=11111111011111110111111111111111, sa_flags=SA_RESTART|SA_SIGINFO
SIGQUIT: [libjvm.dylib+0x4855d9], sa_mask[0]=11111111011111110111111111111111, sa_flags=SA_RESTART|SA_SIGINFO


---------------  S Y S T E M  ---------------

OS:Bsduname:Darwin 17.0.0 Darwin Kernel Version 17.0.0: Thu Aug 24 21:48:19 PDT 2017; root:xnu-4570.1.46~2/RELEASE_X86_64 x86_64
rlimit: STACK 8192k, CORE 0k, NPROC 709, NOFILE 10240, AS infinity
load average:2.93 2.64 2.69

CPU:total 4 (2 cores per cpu, 2 threads per core) family 6 model 61 stepping 4, cmov, cx8, fxsr, mmx, sse, sse2, sse3, ssse3, sse4.1, sse4.2, popcnt, avx, avx2, aes, clmul, erms, rtm, 3dnowpref, lzcnt, ht, tsc, tscinvbit, bmi1, bmi2, adx

Memory: 4k page, physical 8388608k(288940k free)

/proc/meminfo:


vm_info: Java HotSpot(TM) 64-Bit Server VM (25.102-b14) for bsd-amd64 JRE (1.8.0_102-b14), built on Jun 22 2016 11:42:36 by "java_re" with gcc 4.2.1 (Based on Apple Inc. build 5658) (LLVM build 2336.11.00)

time: Wed Oct 25 17:15:35 2017
elapsed time: 5111 seconds (0d 1h 25m 11s)

